主播：[ 7261517777656512176375 ] 的日榜前10土豪: [ 2017-05-23 二 10:40:19 ]
主播：[ 44030502000509 ] 的日榜前10土豪: [ 2017-05-23 二 10:40:19 ]
主播：[ 2897616909246 ] 的日榜前10土豪: [ 2017-05-23 二 10:40:19 ]
主播：[ 5383324347 ] 的日榜前10土豪: [ 2017-05-23 二 10:40:20 ]
主播：[ 5304516847 ] 的日榜前10土豪: [ 2017-05-23 二 10:40:20 ]
主播：[ 2507901703 ] 的日榜前10土豪: [ 2017-05-23 二 10:40:20 ]
主播：[ 1255976554 ] 的日榜前10土豪: [ 2017-05-23 二 10:40:20 ]
主播：[ 886124707 ] 的日榜前10土豪: [ 2017-05-23 二 10:40:21 ]
主播：[ 16072404 ] 的日榜前10土豪: [ 2017-05-23 二 10:40:21 ]
主播：[ 8739645 ] 的日榜前10土豪: [ 2017-05-23 二 10:40:21 ]
主播：[ 8588713 ] 的日榜前10土豪: [ 2017-05-23 二 10:40:21 ]
主播：[ 8182605 ] 的日榜前10土豪: [ 2017-05-23 二 10:40:21 ]
       wz       .       
       ❤✌俊😡哥❤❤👆       
       婞褔       
       正我       
       帅G老大       
主播：[ 8024967 ] 的日榜前10土豪: [ 2017-05-23 二 10:40:22 ]
       🌹找个爱我的人       
       合钻饰品有限公司       
       `👿穷鬼👿.       
主播：[ 7757753 ] 的日榜前10土豪: [ 2017-05-23 二 10:40:22 ]
       邻家❤️大哥✨✨✨       
       白天不懂爷的黑(8274)       
       邻家💖菲儿✨✨✨       
       ZXG.       
       邻家❤娜娜✨✨✨       
       Sao丶初一欧巴       
       ګ撸至深ګ       
       邻宝儿💃💃       
       素婉家的蚊子🐝‼️       
       嘴爱校花宝宝       
主播：[ 7509093 ] 的日榜前10土豪: [ 2017-05-23 二 10:40:22 ]
       🔥帕家军🔥荒野       
       ｡✧*       ꧁祈雨꧂✧*       
       兜兜有大白兔       
       留站62481481       
       爱🌺刘军哥一生平安       
       昊天(35)       
       青青子衿⚡雄师大爷       
       ♥亲亲的♥小富贵       
       没空起名字🚬       
       宜昌剑客       
主播：[ 7460617 ] 的日榜前10土豪: [ 2017-05-23 二 10:40:22 ]
       浅       陌       /       f       
       清泉       石上流       
主播：[ 7398603 ] 的日榜前10土豪: [ 2017-05-23 二 10:40:23 ]
       亲情无价(1815)       
       南方的狼🐺       
主播：[ 7313362 ] 的日榜前10土豪: [ 2017-05-23 二 10:40:23 ]
       &小鱼&       
       小石头⛳       
       你若安好(8379)       
       汤姆       布兰迪       
       只看热一       不刷       
       打人专打脸       ✨To-       
       Sao丶初一欧巴       
       七       月       ♡       
       冰雨醉冬@       
       我是特种兵       兵王刘       
主播：[ 7310810 ] 的日榜前10土豪: [ 2017-05-23 二 10:40:23 ]
       ìì⒋☕™嫂子℡       
       ìì⒋☕™老头子℡       
       ìì⒋☕™老爷子℡       
       安静儿※狼哥※       
       只看热一       不刷       
       蜡笔(1370)       
       ګ老五ګ🔨       
主播：[ 7269278 ] 的日榜前10土豪: [ 2017-05-23 二 10:40:24 ]
       撸撸👉👌       
       ༺佳御༻       
       ګ       碗儿，星仔       ګ       
       昊子(12)       
       只看热一       不刷       
       💘伊甸园       
       爱无悔(18)       
       我是涵宝呀       
       愁丝恨缕       
       施凤祥黄少波       
主播：[ 7085668 ] 的日榜前10土豪: [ 2017-05-23 二 10:40:24 ]
       妃专属孩他爹       
       晴天(4112)       
       天涯何处无芳草(2820)       
       安静儿※狼哥※       
       她i(6615)       
       好运(129)       
       我就是*Sao骚😘       
       固执！       
       晴宝宝家的三少       
       生活在于激情       
主播：[ 7078439 ] 的日榜前10土豪: [ 2017-05-23 二 10:40:24 ]
       陪伴你是最好的守护♥       
       猪兔子(1204)       
       土家族霞的杰哥       
       阳光(796)       
       横扫天下装逼狗       
       Y跑骚没真爱       
       被囚的天煞孤星       
       （血狼）       
       我来找妹妹       
       诗，在远方       
主播：[ 6884074 ] 的日榜前10土豪: [ 2017-05-23 二 10:40:24 ]
       小爱丫头的唯一💘       
       只看热一       不刷       
       生活在于激情       
       1炮       
       潇大爷       
       你的~一半       
       图~号       
       徐忠强       
       牛歌歌       
       老哥来也廖仲金       
主播：[ 6212270 ] 的日榜前10土豪: [ 2017-05-23 二 10:40:25 ]
       我们的天空(5906)       
       挚爱、只爱       
       狼毒花(41)       
       阳光(796)       
       她i(6615)       
       （血狼）       
       风雨人生       
       就是来看你，       
       天天向上(7646)       
       民福广告策划(6686)       
主播：[ 6156722 ] 的日榜前10土豪: [ 2017-05-23 二 10:40:25 ]
主播：[ 6128057 ] 的日榜前10土豪: [ 2017-05-23 二 10:40:25 ]
主播：[ 5627794 ] 的日榜前10土豪: [ 2017-05-23 二 10:40:25 ]
主播：[ 5006133 ] 的日榜前10土豪: [ 2017-05-23 二 10:40:26 ]
       江湖骗子💖💑       
       ✨余✨       少✨       
       -宝盖儿-       
       只看热一       不刷       
       福建帮🌹思明三爷       
       空空又空空       
       任性的风       
       147❤️ℒℴvℯ依       
       露露的坏老公       
       刚好；遇见你       
主播：[ 4823149 ] 的日榜前10土豪: [ 2017-05-23 二 10:40:26 ]
主播：[ 4199774 ] 的日榜前10土豪: [ 2017-05-23 二 10:40:26 ]
       亲亲🔥青爱的       
       🔨红茶哥       
       美杜莎🐍西域       
       无休止的等待一个人       
       潮🐒🐰丽       
       🐷傻傻       的茉莉🐷       
       爱无悔(18)       
       ګ老五ګ🔨       
       ┏       (^ω^)=☞>       
       執鳳彩轩的星月神🌹       
主播：[ 4154188 ] 的日榜前10土豪: [ 2017-05-23 二 10:40:26 ]
主播：[ 3890665 ] 的日榜前10土豪: [ 2017-05-23 二 10:40:27 ]
       妍家笨牛       
       ☞拉风✔欣       
       黑道凯哥       
       恩妍的守护~冷色调       
       妍家小三       
       小时！酱油！唯一！       
       wind❔       
       四.爷       
       ༺佳御༻       
       浪子军。をぅ静ジぺ       
主播：[ 3600000 ] 的日榜前10土豪: [ 2017-05-23 二 10:40:27 ]
主播：[ 2779723 ] 的日榜前10土豪: [ 2017-05-23 二 10:40:27 ]
       恩幼宫༄ཽ萧龙       
       人生如初见(5863)       
       恩幼&智叔       
       🐯恩幼我心北帝💖       
       月巴菠萝       
       无刺的红酸枣       
       伟古       
       恩幼幼幼，夏天       
       ❄💘大拇哥❄       
       恩幼我心丶皮皮       
主播：[ 2482854 ] 的日榜前10土豪: [ 2017-05-23 二 10:40:27 ]
       臥底劳工       
       念念不忘高傲的她       
       🗽无聊转转       
       只看热一       不刷       
       🚲甜心之男神明💋       
       粟治华       
       高斌—茸悦汽车       
       仁侠义随风       
       ☞小G☜☆       
       ✨张小娜✨只有一个✨       
主播：[ 1977028 ] 的日榜前10土豪: [ 2017-05-23 二 10:40:28 ]
主播：[ 1588081 ] 的日榜前10土豪: [ 2017-05-23 二 10:40:28 ]
       💦黄大仙💦       
       👑       訫侒謌謌       
       清新无尘       
       一杖红       
       狼妹家的狼哥       
       平安幸福(5088)       
       Sao丶初一欧巴       
       平安就是福🙏🙏       
       思美❤传媒       
       清风@细雨       
主播：[ 1442680 ] 的日榜前10土豪: [ 2017-05-23 二 10:40:28 ]
       只看热一       不刷       
       铃儿🔔响叮铛       
       Sao、小三哥❤墨       
       爱唱歌的小米朵       
       安静儿※狼哥※       
       巨石(1161)       
       ●﹏●(9926)       
       高斌—茸悦汽车       
       Man丶夕阳欧巴✨       
       奋斗奋斗(8102)       
主播：[ 1368022 ] 的日榜前10土豪: [ 2017-05-23 二 10:40:28 ]
       兵马俑🔱🌹👉       
       梦儿守护       
       背着你看风景       
       ｡✧*       ꧁祈雨꧂✧*       
       素婉的默默       
       ☀林初一。       
       素婉       
       嬿嬿☆…       
       1姐〰僧行天下       
       北北家的眼镜儿       
主播：[ 998664 ] 的日榜前10土豪: [ 2017-05-23 二 10:40:29 ]
       艷儿家老四       
       沐沐(13)       
主播：[ 994981 ] 的日榜前10土豪: [ 2017-05-23 二 10:40:29 ]
       🐳海戈🐳爆鸡       
       酣豆先生       
       Glory(1953)       
       Mr.Rain       
       🔥帕家军🔥冬天       
       🌸鲜儿🍃的唯爱       
       🔥帕家军🔥👿       
       丟叾乀微笑怎么伪装﻿       
       白少(4)       
       心碎(5497)       
主播：[ 857253 ] 的日榜前10土豪: [ 2017-05-23 二 10:40:29 ]
       你说，相见恨晚。       
       风流帝皇       
       油豆豆              
       军龙       
       ♬龍族♬狐团☞龙游四       
       落日后的余晖       
       一江(9737)       
       平安就是福🙏🙏       
       🔱唯爱💘骚浪虾       
       118浓情花艺~罗军       
主播：[ 779083 ] 的日榜前10土豪: [ 2017-05-23 二 10:40:30 ]
主播：[ 768288 ] 的日榜前10土豪: [ 2017-05-23 二 10:40:30 ]
主播：[ 756845 ] 的日榜前10土豪: [ 2017-05-23 二 10:40:30 ]
       茄子(40)       
       1个泡泡       
       月巴菠萝       
       比心Alan       
       🙊沉默☪️💯       
       ?波波女郎       
       花有情.水无意       
       北京天高云淡       
       波波家🌊三生依恋       
       .成.       
主播：[ 735966 ] 的日榜前10土豪: [ 2017-05-23 二 10:40:30 ]
主播：[ 723528 ] 的日榜前10土豪: [ 2017-05-23 二 10:40:30 ]
主播：[ 717986 ] 的日榜前10土豪: [ 2017-05-23 二 10:40:30 ]
主播：[ 677940 ] 的日榜前10土豪: [ 2017-05-23 二 10:40:31 ]
主播：[ 673616 ] 的日榜前10土豪: [ 2017-05-23 二 10:40:31 ]
主播：[ 672734 ] 的日榜前10土豪: [ 2017-05-23 二 10:40:31 ]
主播：[ 669460 ] 的日榜前10土豪: [ 2017-05-23 二 10:40:31 ]
       最爱少女心的疯人       
       炸蘑菇炒酸奶       
       少女心的笑脸       
       只看热一       不刷       
       扛着导弹的牛       
       一不小心遇见你       
       💓少女心@信仰💓       
       不造改啥       
       Sao丶z       b       b       
       ✨       过客       ✨       
主播：[ 659760 ] 的日榜前10土豪: [ 2017-05-23 二 10:40:31 ]
主播：[ 659534 ] 的日榜前10土豪: [ 2017-05-23 二 10:40:32 ]
主播：[ 655144 ] 的日榜前10土豪: [ 2017-05-23 二 10:40:32 ]
主播：[ 653409 ] 的日榜前10土豪: [ 2017-05-23 二 10:40:32 ]
       素婉的猪猪       
       素婉的默默       
       黑道恩泰       
       素婉的猫       
       素婉的提款机       
       姚姚啊       
       素婉的咆       
       素婉的♥秘果♥       
       1姐〰僧行天下       
       素婉的导演       
主播：[ 647265 ] 的日榜前10土豪: [ 2017-05-23 二 10:40:32 ]
主播：[ 636598 ] 的日榜前10土豪: [ 2017-05-23 二 10:40:33 ]
主播：[ 635983 ] 的日榜前10土豪: [ 2017-05-23 二 10:40:33 ]
主播：[ 619923 ] 的日榜前10土豪: [ 2017-05-23 二 10:40:33 ]
主播：[ 542032 ] 的日榜前10土豪: [ 2017-05-23 二 10:40:33 ]
主播：[ 520755 ] 的日榜前10土豪: [ 2017-05-23 二 10:40:33 ]
主播：[ 480743 ] 的日榜前10土豪: [ 2017-05-23 二 10:40:33 ]
主播：[ 368704 ] 的日榜前10土豪: [ 2017-05-23 二 10:40:34 ]
主播：[ 350550 ] 的日榜前10土豪: [ 2017-05-23 二 10:40:34 ]
主播：[ 290981 ] 的日榜前10土豪: [ 2017-05-23 二 10:40:34 ]
主播：[ 270452 ] 的日榜前10土豪: [ 2017-05-23 二 10:40:34 ]
主播：[ 257665 ] 的日榜前10土豪: [ 2017-05-23 二 10:40:34 ]
主播：[ 200603 ] 的日榜前10土豪: [ 2017-05-23 二 10:40:34 ]
主播：[ 145448 ] 的日榜前10土豪: [ 2017-05-23 二 10:40:34 ]
主播：[ 131909 ] 的日榜前10土豪: [ 2017-05-23 二 10:40:35 ]
主播：[ 98076 ] 的日榜前10土豪: [ 2017-05-23 二 10:40:35 ]
主播：[ 95698 ] 的日榜前10土豪: [ 2017-05-23 二 10:40:35 ]
主播：[ 93079 ] 的日榜前10土豪: [ 2017-05-23 二 10:40:35 ]
主播：[ 92766 ] 的日榜前10土豪: [ 2017-05-23 二 10:40:35 ]
主播：[ 88298 ] 的日榜前10土豪: [ 2017-05-23 二 10:40:36 ]
主播：[ 074985 ] 的日榜前10土豪: [ 2017-05-23 二 10:40:36 ]
主播：[ 73270 ] 的日榜前10土豪: [ 2017-05-23 二 10:40:36 ]
主播：[ 71537 ] 的日榜前10土豪: [ 2017-05-23 二 10:40:36 ]
主播：[ 65162 ] 的日榜前10土豪: [ 2017-05-23 二 10:40:36 ]
主播：[ 58753 ] 的日榜前10土豪: [ 2017-05-23 二 10:40:36 ]
主播：[ 56421 ] 的日榜前10土豪: [ 2017-05-23 二 10:40:37 ]
主播：[ 55714 ] 的日榜前10土豪: [ 2017-05-23 二 10:40:37 ]
主播：[ 53817 ] 的日榜前10土豪: [ 2017-05-23 二 10:40:37 ]
主播：[ 48758 ] 的日榜前10土豪: [ 2017-05-23 二 10:40:37 ]
主播：[ 47860 ] 的日榜前10土豪: [ 2017-05-23 二 10:40:37 ]
主播：[ 43437 ] 的日榜前10土豪: [ 2017-05-23 二 10:40:37 ]
主播：[ 36383 ] 的日榜前10土豪: [ 2017-05-23 二 10:40:38 ]
主播：[ 31171 ] 的日榜前10土豪: [ 2017-05-23 二 10:40:38 ]
主播：[ 30920 ] 的日榜前10土豪: [ 2017-05-23 二 10:40:38 ]
主播：[ 22440 ] 的日榜前10土豪: [ 2017-05-23 二 10:40:38 ]
主播：[ 20415 ] 的日榜前10土豪: [ 2017-05-23 二 10:40:38 ]
主播：[ 18585 ] 的日榜前10土豪: [ 2017-05-23 二 10:40:38 ]
主播：[ 17621 ] 的日榜前10土豪: [ 2017-05-23 二 10:40:39 ]
主播：[ 15220 ] 的日榜前10土豪: [ 2017-05-23 二 10:40:39 ]
主播：[ 13141 ] 的日榜前10土豪: [ 2017-05-23 二 10:40:39 ]
主播：[ 12318 ] 的日榜前10土豪: [ 2017-05-23 二 10:40:39 ]
主播：[ 11513 ] 的日榜前10土豪: [ 2017-05-23 二 10:40:39 ]
主播：[ 9714 ] 的日榜前10土豪: [ 2017-05-23 二 10:40:40 ]
主播：[ 9173 ] 的日榜前10土豪: [ 2017-05-23 二 10:40:40 ]
主播：[ 8603 ] 的日榜前10土豪: [ 2017-05-23 二 10:40:40 ]
主播：[ 08096 ] 的日榜前10土豪: [ 2017-05-23 二 10:40:40 ]
主播：[ 8044 ] 的日榜前10土豪: [ 2017-05-23 二 10:40:40 ]
主播：[ 7944 ] 的日榜前10土豪: [ 2017-05-23 二 10:40:40 ]
主播：[ 7251 ] 的日榜前10土豪: [ 2017-05-23 二 10:40:41 ]
主播：[ 6756 ] 的日榜前10土豪: [ 2017-05-23 二 10:40:41 ]
主播：[ 6672 ] 的日榜前10土豪: [ 2017-05-23 二 10:40:41 ]
主播：[ 6439 ] 的日榜前10土豪: [ 2017-05-23 二 10:40:41 ]
主播：[ 6233 ] 的日榜前10土豪: [ 2017-05-23 二 10:40:41 ]
主播：[ 5906 ] 的日榜前10土豪: [ 2017-05-23 二 10:40:41 ]
主播：[ 5678 ] 的日榜前10土豪: [ 2017-05-23 二 10:40:42 ]
主播：[ 5552 ] 的日榜前10土豪: [ 2017-05-23 二 10:40:42 ]
主播：[ 5371 ] 的日榜前10土豪: [ 2017-05-23 二 10:40:42 ]
主播：[ 5000 ] 的日榜前10土豪: [ 2017-05-23 二 10:40:42 ]
主播：[ 4851 ] 的日榜前10土豪: [ 2017-05-23 二 10:40:42 ]
主播：[ 4797 ] 的日榜前10土豪: [ 2017-05-23 二 10:40:42 ]
主播：[ 4766 ] 的日榜前10土豪: [ 2017-05-23 二 10:40:43 ]
主播：[ 4393 ] 的日榜前10土豪: [ 2017-05-23 二 10:40:43 ]
主播：[ 3920 ] 的日榜前10土豪: [ 2017-05-23 二 10:40:43 ]
主播：[ 3853 ] 的日榜前10土豪: [ 2017-05-23 二 10:40:43 ]
主播：[ 3700 ] 的日榜前10土豪: [ 2017-05-23 二 10:40:43 ]
主播：[ 3679 ] 的日榜前10土豪: [ 2017-05-23 二 10:40:43 ]
主播：[ 3527 ] 的日榜前10土豪: [ 2017-05-23 二 10:40:44 ]
主播：[ 3427 ] 的日榜前10土豪: [ 2017-05-23 二 10:40:44 ]
主播：[ 3200 ] 的日榜前10土豪: [ 2017-05-23 二 10:40:44 ]
主播：[ 3046 ] 的日榜前10土豪: [ 2017-05-23 二 10:40:44 ]
主播：[ 2847 ] 的日榜前10土豪: [ 2017-05-23 二 10:40:44 ]
主播：[ 2552 ] 的日榜前10土豪: [ 2017-05-23 二 10:40:44 ]
主播：[ 2201 ] 的日榜前10土豪: [ 2017-05-23 二 10:40:45 ]
主播：[ 2124 ] 的日榜前10土豪: [ 2017-05-23 二 10:40:45 ]
主播：[ 2017 ] 的日榜前10土豪: [ 2017-05-23 二 10:40:45 ]
主播：[ 2016 ] 的日榜前10土豪: [ 2017-05-23 二 10:40:45 ]
主播：[ 2015 ] 的日榜前10土豪: [ 2017-05-23 二 10:40:45 ]
主播：[ 2001 ] 的日榜前10土豪: [ 2017-05-23 二 10:40:45 ]
主播：[ 1982 ] 的日榜前10土豪: [ 2017-05-23 二 10:40:45 ]
主播：[ 1920 ] 的日榜前10土豪: [ 2017-05-23 二 10:40:46 ]
主播：[ 1801 ] 的日榜前10土豪: [ 2017-05-23 二 10:40:46 ]
主播：[ 1605 ] 的日榜前10土豪: [ 2017-05-23 二 10:40:46 ]
主播：[ 1601 ] 的日榜前10土豪: [ 2017-05-23 二 10:40:46 ]
主播：[ 1207 ] 的日榜前10土豪: [ 2017-05-23 二 10:40:46 ]
主播：[ 1157 ] 的日榜前10土豪: [ 2017-05-23 二 10:40:46 ]
主播：[ 925 ] 的日榜前10土豪: [ 2017-05-23 二 10:40:47 ]
主播：[ 910 ] 的日榜前10土豪: [ 2017-05-23 二 10:40:47 ]
主播：[ 899 ] 的日榜前10土豪: [ 2017-05-23 二 10:40:47 ]
主播：[ 891 ] 的日榜前10土豪: [ 2017-05-23 二 10:40:47 ]
主播：[ 890 ] 的日榜前10土豪: [ 2017-05-23 二 10:40:47 ]
主播：[ 853 ] 的日榜前10土豪: [ 2017-05-23 二 10:40:47 ]
主播：[ 801 ] 的日榜前10土豪: [ 2017-05-23 二 10:40:48 ]
主播：[ 768 ] 的日榜前10土豪: [ 2017-05-23 二 10:40:48 ]
主播：[ 679 ] 的日榜前10土豪: [ 2017-05-23 二 10:40:48 ]
主播：[ 642 ] 的日榜前10土豪: [ 2017-05-23 二 10:40:48 ]
主播：[ 631 ] 的日榜前10土豪: [ 2017-05-23 二 10:40:48 ]
主播：[ 518 ] 的日榜前10土豪: [ 2017-05-23 二 10:40:48 ]
主播：[ 0513 ] 的日榜前10土豪: [ 2017-05-23 二 10:40:49 ]
主播：[ 505 ] 的日榜前10土豪: [ 2017-05-23 二 10:40:49 ]
主播：[ 0498 ] 的日榜前10土豪: [ 2017-05-23 二 10:40:49 ]
主播：[ 492 ] 的日榜前10土豪: [ 2017-05-23 二 10:40:49 ]
主播：[ 461 ] 的日榜前10土豪: [ 2017-05-23 二 10:40:49 ]
主播：[ 458 ] 的日榜前10土豪: [ 2017-05-23 二 10:40:49 ]
主播：[ 443 ] 的日榜前10土豪: [ 2017-05-23 二 10:40:50 ]
主播：[ 426 ] 的日榜前10土豪: [ 2017-05-23 二 10:40:50 ]
主播：[ 425 ] 的日榜前10土豪: [ 2017-05-23 二 10:40:50 ]
主播：[ 0407 ] 的日榜前10土豪: [ 2017-05-23 二 10:40:50 ]
主播：[ 401 ] 的日榜前10土豪: [ 2017-05-23 二 10:40:50 ]
主播：[ 389 ] 的日榜前10土豪: [ 2017-05-23 二 10:40:50 ]
主播：[ 361 ] 的日榜前10土豪: [ 2017-05-23 二 10:40:51 ]
主播：[ 325 ] 的日榜前10土豪: [ 2017-05-23 二 10:40:51 ]
主播：[ 320 ] 的日榜前10土豪: [ 2017-05-23 二 10:40:51 ]
主播：[ 300 ] 的日榜前10土豪: [ 2017-05-23 二 10:40:51 ]
主播：[ 295 ] 的日榜前10土豪: [ 2017-05-23 二 10:40:51 ]
主播：[ 219 ] 的日榜前10土豪: [ 2017-05-23 二 10:40:51 ]
主播：[ 0214 ] 的日榜前10土豪: [ 2017-05-23 二 10:40:52 ]
主播：[ 210 ] 的日榜前10土豪: [ 2017-05-23 二 10:40:52 ]
主播：[ 208 ] 的日榜前10土豪: [ 2017-05-23 二 10:40:52 ]
主播：[ 206 ] 的日榜前10土豪: [ 2017-05-23 二 10:40:52 ]
主播：[ 201 ] 的日榜前10土豪: [ 2017-05-23 二 10:40:52 ]
主播：[ 181 ] 的日榜前10土豪: [ 2017-05-23 二 10:40:52 ]
主播：[ 170 ] 的日榜前10土豪: [ 2017-05-23 二 10:40:53 ]
主播：[ 167 ] 的日榜前10土豪: [ 2017-05-23 二 10:40:53 ]
主播：[ 138 ] 的日榜前10土豪: [ 2017-05-23 二 10:40:53 ]
主播：[ 137 ] 的日榜前10土豪: [ 2017-05-23 二 10:40:53 ]
主播：[ 120 ] 的日榜前10土豪: [ 2017-05-23 二 10:40:53 ]
主播：[ 99 ] 的日榜前10土豪: [ 2017-05-23 二 10:40:53 ]
主播：[ 98 ] 的日榜前10土豪: [ 2017-05-23 二 10:40:54 ]
主播：[ 097 ] 的日榜前10土豪: [ 2017-05-23 二 10:40:54 ]
主播：[ 96 ] 的日榜前10土豪: [ 2017-05-23 二 10:40:54 ]
主播：[ 94 ] 的日榜前10土豪: [ 2017-05-23 二 10:40:54 ]
主播：[ 93 ] 的日榜前10土豪: [ 2017-05-23 二 10:40:54 ]
主播：[ 91 ] 的日榜前10土豪: [ 2017-05-23 二 10:40:54 ]
主播：[ 88 ] 的日榜前10土豪: [ 2017-05-23 二 10:40:55 ]
主播：[ 85 ] 的日榜前10土豪: [ 2017-05-23 二 10:40:55 ]
主播：[ 085 ] 的日榜前10土豪: [ 2017-05-23 二 10:40:55 ]
主播：[ 81 ] 的日榜前10土豪: [ 2017-05-23 二 10:40:55 ]
主播：[ 79 ] 的日榜前10土豪: [ 2017-05-23 二 10:40:55 ]
主播：[ 77 ] 的日榜前10土豪: [ 2017-05-23 二 10:40:55 ]
主播：[ 74 ] 的日榜前10土豪: [ 2017-05-23 二 10:40:56 ]
主播：[ 73 ] 的日榜前10土豪: [ 2017-05-23 二 10:40:56 ]
主播：[ 71 ] 的日榜前10土豪: [ 2017-05-23 二 10:40:56 ]
